\BOOKMARK [1][-]{chapter*.1}{\376\377\000I\000N\000T\000R\000O\000D\000U\000C\000C\000I\000\323\000N\000\040}{}% 1
\BOOKMARK [1][-]{chapter*.1}{\376\377\000P\000r\000e\000s\000e\000n\000t\000a\000c\000i\000\363\000n\000\040\000d\000e\000l\000\040\000t\000e\000m\000a\000\040\000d\000e\000\040\000i\000n\000v\000e\000s\000t\000i\000g\000a\000c\000i\000\363\000n\000\040}{}% 2
\BOOKMARK [1][-]{chapter*.1}{\376\377\000D\000e\000s\000c\000r\000i\000p\000c\000i\000\363\000n\000\040\000d\000e\000\040\000l\000a\000\040\000s\000i\000t\000u\000a\000c\000i\000\363\000n\000\040\000p\000r\000o\000b\000l\000e\000m\000\341\000t\000i\000c\000a\000\040}{}% 3
\BOOKMARK [1][-]{chapter*.1}{\376\377\000F\000o\000r\000m\000u\000l\000a\000c\000i\000\363\000n\000\040\000d\000e\000l\000\040\000p\000r\000o\000b\000l\000e\000m\000a\000\040}{}% 4
\BOOKMARK [1][-]{chapter*.1}{\376\377\000O\000b\000j\000e\000t\000i\000v\000o\000s\000\040\000d\000e\000\040\000i\000n\000v\000e\000s\000t\000i\000g\000a\000c\000i\000\363\000n\000\040}{}% 5
\BOOKMARK [1][-]{chapter*.1}{\376\377\000J\000u\000s\000t\000i\000f\000i\000c\000a\000c\000i\000\363\000n\000\040}{}% 6
\BOOKMARK [1][-]{chapter*.1}{\376\377\000A\000l\000c\000a\000n\000c\000e\000\040\000y\000\040\000l\000i\000m\000i\000t\000a\000c\000i\000o\000n\000e\000s\000\040\000/\000\040\000r\000e\000s\000t\000r\000i\000c\000c\000i\000o\000n\000e\000s\000\040}{}% 7
\BOOKMARK [0][-]{chapter.2}{\376\377\000I\000\040\000R\000E\000V\000I\000S\000I\000\323\000N\000\040\000C\000R\000\315\000T\000I\000C\000A\000\040\000D\000E\000\040\000L\000A\000\040\000L\000I\000T\000E\000R\000A\000T\000U\000R\000A}{}% 8
\BOOKMARK [0][-]{chapter.7}{\376\377\000I\000I\000\040\000M\000A\000R\000C\000O\000\040\000T\000E\000\323\000R\000I\000C\000O}{}% 9
\BOOKMARK [1][-]{section.8}{\376\377\0002\000.\0001\000\040\000O\000s\000c\000i\000l\000a\000c\000i\000o\000n\000e\000s\000\040\000m\000e\000c\000\341\000n\000i\000c\000a\000s}{chapter.7}% 10
\BOOKMARK [2][-]{subsection.11}{\376\377\0002\000.\0001\000.\0001\000\040\000E\000x\000c\000i\000t\000a\000c\000i\000\363\000n\000\040\000m\000e\000c\000\341\000n\000i\000c\000a\000\040\000c\000o\000n\000t\000r\000o\000l\000a\000d\000a}{section.8}% 11
\BOOKMARK [1][-]{section.12}{\376\377\0002\000.\0002\000\040\000B\000a\000n\000c\000o\000\040\000d\000e\000\040\000p\000r\000u\000e\000b\000a\000s\000\040\000o\000s\000c\000i\000l\000a\000n\000t\000e}{chapter.7}% 12
\BOOKMARK [2][-]{subsection.13}{\376\377\0002\000.\0002\000.\0001\000\040\000S\000i\000s\000t\000e\000m\000a\000\040\000m\000e\000c\000\341\000n\000i\000c\000o\000\040\000y\000\040\000d\000e\000\040\000a\000c\000t\000u\000a\000c\000i\000\363\000n}{section.12}% 13
\BOOKMARK [3][-]{subsubsection.15}{\376\377\0002\000.\0002\000.\0001\000.\0001\000\040\000C\000o\000n\000f\000i\000g\000u\000r\000a\000c\000i\000\363\000n\000\040\000d\000e\000l\000\040\000m\000e\000c\000a\000n\000i\000s\000m\000o}{subsection.13}% 14
\BOOKMARK [3][-]{subsubsection.16}{\376\377\0002\000.\0002\000.\0001\000.\0002\000\040\000A\000n\000\341\000l\000i\000s\000i\000s\000\040\000d\000e\000\040\000p\000o\000s\000i\000c\000i\000\363\000n}{subsection.13}% 15
\BOOKMARK [3][-]{subsubsection.24}{\376\377\0002\000.\0002\000.\0001\000.\0003\000\040\000A\000n\000\341\000l\000i\000s\000i\000s\000\040\000d\000e\000\040\000v\000e\000l\000o\000c\000i\000d\000a\000d}{subsection.13}% 16
\BOOKMARK [3][-]{subsubsection.30}{\376\377\0002\000.\0002\000.\0001\000.\0004\000\040\000A\000n\000\341\000l\000i\000s\000i\000s\000\040\000d\000e\000\040\000a\000c\000e\000l\000e\000r\000a\000c\000i\000\363\000n}{subsection.13}% 17
\BOOKMARK [3][-]{subsubsection.36}{\376\377\0002\000.\0002\000.\0001\000.\0005\000\040\000A\000n\000\341\000l\000i\000s\000i\000s\000\040\000c\000i\000n\000\351\000t\000i\000c\000o}{subsection.13}% 18
\BOOKMARK [2][-]{subsection.62}{\376\377\0002\000.\0002\000.\0002\000\040\000A\000c\000e\000l\000e\000r\000\363\000m\000e\000t\000r\000o\000s}{section.12}% 19
\BOOKMARK [1][-]{section.66}{\376\377\0002\000.\0003\000\040\000T\000r\000a\000n\000s\000f\000o\000r\000m\000a\000d\000a\000\040\000d\000e\000\040\000F\000o\000u\000r\000i\000e\000r\000\040\000y\000\040\000a\000n\000\341\000l\000i\000s\000i\000s\000\040\000e\000n\000\040\000f\000r\000e\000c\000u\000e\000n\000c\000i\000a}{chapter.7}% 20
\BOOKMARK [0][-]{chapter.69}{\376\377\000I\000I\000I\000\040\000\040\000M\000A\000R\000C\000O\000\040\000M\000E\000T\000O\000D\000O\000L\000\323\000G\000I\000C\000O}{}% 21
\BOOKMARK [1][-]{section.70}{\376\377\0003\000.\0001\000\040\000C\000u\000m\000p\000l\000i\000m\000i\000e\000n\000t\000o\000\040\000d\000e\000\040\000o\000b\000j\000e\000t\000i\000v\000o\000s\000\040\000e\000s\000p\000e\000c\000\355\000f\000i\000c\000o\000s}{chapter.69}% 22
\BOOKMARK [1][-]{section.72}{\376\377\0003\000.\0002\000\040\000S\000i\000m\000u\000l\000a\000c\000i\000\363\000n\000\040\000C\000i\000n\000e\000m\000\341\000t\000i\000c\000a\000\040\000d\000e\000l\000\040\000M\000e\000c\000a\000n\000i\000s\000m\000o\000\040\000e\000n\000\040\000M\000A\000T\000L\000A\000B}{chapter.69}% 23
\BOOKMARK [2][-]{subsection.73}{\376\377\0003\000.\0002\000.\0001\000\040\000C\000a\000r\000a\000c\000t\000e\000r\000\355\000s\000t\000i\000c\000a\000s\000\040\000C\000o\000n\000f\000i\000g\000u\000r\000a\000b\000l\000e\000s\000\040\000d\000e\000l\000\040\000M\000o\000d\000e\000l\000o}{section.72}% 24
\BOOKMARK [3][-]{subsubsection.74}{\376\377\0003\000.\0002\000.\0001\000.\0001\000\040\000D\000i\000m\000e\000n\000s\000i\000o\000n\000e\000s\000\040\000d\000e\000l\000\040\000M\000e\000c\000a\000n\000i\000s\000m\000o}{subsection.73}% 25
\BOOKMARK [3][-]{subsubsection.75}{\376\377\0003\000.\0002\000.\0001\000.\0002\000\040\000C\000o\000n\000f\000i\000g\000u\000r\000a\000c\000i\000\363\000n\000\040\000d\000e\000l\000\040\000A\000c\000t\000u\000a\000d\000o\000r\000\040\000L\000i\000n\000e\000a\000l}{subsection.73}% 26
\BOOKMARK [3][-]{subsubsection.79}{\376\377\0003\000.\0002\000.\0001\000.\0003\000\040\000P\000a\000r\000\341\000m\000e\000t\000r\000o\000s\000\040\000d\000e\000\040\000S\000i\000m\000u\000l\000a\000c\000i\000\363\000n}{subsection.73}% 27
\BOOKMARK [2][-]{subsection.80}{\376\377\0003\000.\0002\000.\0002\000\040\000M\000e\000t\000o\000d\000o\000l\000o\000g\000\355\000a\000\040\000d\000e\000\040\000I\000m\000p\000l\000e\000m\000e\000n\000t\000a\000c\000i\000\363\000n}{section.72}% 28
\BOOKMARK [3][-]{subsubsection.81}{\376\377\0003\000.\0002\000.\0002\000.\0001\000\040\000A\000r\000c\000h\000i\000v\000o\000\040\000P\000r\000i\000n\000c\000i\000p\000a\000l\000:\000\040\000f\000i\000v\000e\000\137\000l\000i\000n\000k\000\137\000i\000n\000v\000\137\000S\000l\000i\000d\000e\000r\000\137\000C\000r\000a\000n\000k\000.\000m}{subsection.80}% 29
\BOOKMARK [3][-]{subsubsection.87}{\376\377\0003\000.\0002\000.\0002\000.\0002\000\040\000A\000r\000c\000h\000i\000v\000o\000\040\000d\000e\000\040\000V\000i\000s\000u\000a\000l\000i\000z\000a\000c\000i\000\363\000n\000:\000\040\000p\000l\000o\000t\000\137\000f\000i\000v\000e\000\137\000l\000i\000n\000k\000\137\000i\000n\000v\000\137\000S\000l\000i\000d\000e\000r\000\137\000C\000r\000a\000n\000k\000.\000m}{subsection.80}% 30
\BOOKMARK [2][-]{subsection.88}{\376\377\0003\000.\0002\000.\0003\000\040\000R\000e\000s\000u\000l\000t\000a\000d\000o\000s\000\040\000V\000i\000s\000u\000a\000l\000e\000s\000\040\000y\000\040\000G\000r\000\341\000f\000i\000c\000o\000s\000\040\000O\000b\000t\000e\000n\000i\000d\000o\000s}{section.72}% 31
\BOOKMARK [3][-]{subsubsection.89}{\376\377\0003\000.\0002\000.\0003\000.\0001\000\040\000A\000n\000i\000m\000a\000c\000i\000\363\000n\000\040\000d\000e\000l\000\040\000M\000e\000c\000a\000n\000i\000s\000m\000o}{subsection.88}% 32
\BOOKMARK [3][-]{subsubsection.90}{\376\377\0003\000.\0002\000.\0003\000.\0002\000\040\000G\000r\000\341\000f\000i\000c\000a\000s\000\040\000d\000e\000\040\000P\000o\000s\000i\000c\000i\000\363\000n\000,\000\040\000V\000e\000l\000o\000c\000i\000d\000a\000d\000\040\000y\000\040\000A\000c\000e\000l\000e\000r\000a\000c\000i\000\363\000n}{subsection.88}% 33
\BOOKMARK [3][-]{subsubsection.94}{\376\377\0003\000.\0002\000.\0003\000.\0003\000\040\000G\000r\000\341\000f\000i\000c\000a\000s\000\040\000d\000e\000\040\000V\000a\000r\000i\000a\000b\000l\000e\000s\000\040\000d\000e\000l\000\040\000M\000e\000c\000a\000n\000i\000s\000m\000o}{subsection.88}% 34
\BOOKMARK [1][-]{section.95}{\376\377\0003\000.\0003\000\040\000E\000s\000q\000u\000e\000m\000\341\000t\000i\000c\000o\000\040\000d\000e\000l\000\040\000s\000i\000s\000t\000e\000m\000a\000\040\000d\000e\000\040\000a\000d\000q\000u\000i\000s\000i\000c\000i\000\363\000n\000\040\000y\000\040\000d\000e\000\040\000c\000o\000n\000t\000r\000o\000l}{chapter.69}% 35
\BOOKMARK [1][-]{section.97}{\376\377\0003\000.\0004\000\040\000D\000e\000s\000a\000r\000r\000o\000l\000l\000o\000\040\000d\000e\000\040\000l\000a\000\040\000I\000n\000t\000e\000r\000f\000a\000z\000\040\000d\000e\000\040\000U\000s\000u\000a\000r\000i\000o\000\040\000W\000e\000b\000\040\000C\000o\000n\000f\000i\000g\000u\000r\000a\000b\000l\000e}{chapter.69}% 36
\BOOKMARK [2][-]{subsection.98}{\376\377\0003\000.\0004\000.\0001\000\040\000A\000r\000q\000u\000i\000t\000e\000c\000t\000u\000r\000a\000\040\000d\000e\000l\000\040\000S\000i\000s\000t\000e\000m\000a\000\040\000d\000e\000\040\000C\000o\000n\000t\000r\000o\000l}{section.97}% 37
\BOOKMARK [2][-]{subsection.99}{\376\377\0003\000.\0004\000.\0002\000\040\000D\000e\000f\000i\000n\000i\000c\000i\000\363\000n\000\040\000d\000e\000\040\000P\000a\000r\000\341\000m\000e\000t\000r\000o\000s\000\040\000C\000o\000n\000f\000i\000g\000u\000r\000a\000b\000l\000e\000s}{section.97}% 38
\BOOKMARK [3][-]{subsubsection.100}{\376\377\0003\000.\0004\000.\0002\000.\0001\000\040\000M\000\363\000d\000u\000l\000o\000\040\000d\000e\000\040\000G\000e\000n\000e\000r\000a\000c\000i\000\363\000n\000\040\000d\000e\000\040\000S\000e\000\361\000a\000l\000e\000s}{subsection.99}% 39
\BOOKMARK [3][-]{subsubsection.101}{\376\377\0003\000.\0004\000.\0002\000.\0002\000\040\000M\000\363\000d\000u\000l\000o\000\040\000d\000e\000\040\000C\000o\000n\000t\000r\000o\000l\000\040\000d\000e\000\040\000M\000o\000t\000o\000r\000e\000s}{subsection.99}% 40
\BOOKMARK [4][-]{paragraph*.102}{\376\377\000M\000o\000t\000o\000r\000\040\000R\000o\000t\000a\000c\000i\000o\000n\000a\000l\000:}{subsubsection.101}% 41
\BOOKMARK [4][-]{paragraph*.103}{\376\377\000M\000o\000t\000o\000r\000\040\000L\000i\000n\000e\000a\000l\000:}{subsubsection.101}% 42
\BOOKMARK [2][-]{subsection.107}{\376\377\0003\000.\0004\000.\0003\000\040\000I\000m\000p\000l\000e\000m\000e\000n\000t\000a\000c\000i\000\363\000n\000\040\000T\000\351\000c\000n\000i\000c\000a}{section.97}% 43
\BOOKMARK [3][-]{subsubsection.108}{\376\377\0003\000.\0004\000.\0003\000.\0001\000\040\000S\000e\000l\000e\000c\000c\000i\000\363\000n\000\040\000d\000e\000\040\000T\000e\000c\000n\000o\000l\000o\000g\000\355\000a\000s}{subsection.107}% 44
\BOOKMARK [3][-]{subsubsection.109}{\376\377\0003\000.\0004\000.\0003\000.\0002\000\040\000C\000o\000m\000u\000n\000i\000c\000a\000c\000i\000\363\000n\000\040\000E\000S\000P\0003\0002\000-\000I\000n\000t\000e\000r\000f\000a\000z\000\040\000W\000e\000b}{subsection.107}% 45
\BOOKMARK [3][-]{subsubsection.110}{\376\377\0003\000.\0004\000.\0003\000.\0003\000\040\000I\000n\000t\000e\000g\000r\000a\000c\000i\000\363\000n\000\040\000c\000o\000n\000\040\000e\000l\000\040\000H\000a\000r\000d\000w\000a\000r\000e}{subsection.107}% 46
\BOOKMARK [1][-]{section.111}{\376\377\0003\000.\0005\000\040\000P\000r\000u\000e\000b\000a\000s\000\040\000d\000e\000\040\000V\000a\000l\000i\000d\000a\000c\000i\000\363\000n}{chapter.69}% 47
\BOOKMARK [1][-]{section.112}{\376\377\0003\000.\0006\000\040\000A\000n\000\341\000l\000i\000s\000i\000s\000\040\000d\000e\000\040\000f\000r\000e\000c\000u\000e\000n\000c\000i\000a\000\040\000a\000n\000t\000e\000\040\000d\000i\000s\000t\000i\000n\000t\000a\000s\000\040\000c\000o\000n\000d\000i\000c\000i\000o\000n\000e\000s}{chapter.69}% 48
\BOOKMARK [0][-]{chapter.113}{\376\377\000I\000V\000\040\000R\000E\000S\000U\000L\000T\000A\000D\000O\000S}{}% 49
\BOOKMARK [1][-]{section.114}{\376\377\0004\000.\0001\000\040\000D\000i\000s\000e\000\361\000o\000\040\000m\000e\000c\000\341\000n\000i\000c\000o\000\040\000y\000\040\000d\000e\000\040\000a\000c\000t\000u\000a\000c\000i\000\363\000n}{chapter.113}% 50
\BOOKMARK [1][-]{section.117}{\376\377\0004\000.\0002\000\040\000S\000i\000m\000u\000l\000a\000c\000i\000\363\000n}{chapter.113}% 51
\BOOKMARK [2][-]{subsection.118}{\376\377\0004\000.\0002\000.\0001\000\040\000V\000a\000l\000i\000d\000a\000c\000i\000\363\000n\000\040\000m\000e\000d\000i\000a\000n\000t\000e\000\040\000s\000i\000m\000u\000l\000a\000c\000i\000\363\000n\000\040\000c\000i\000n\000e\000m\000\341\000t\000i\000c\000a\000\040\000y\000\040\000c\000i\000n\000\351\000t\000i\000c\000a}{section.117}% 52
\BOOKMARK [1][-]{section.123}{\376\377\0004\000.\0003\000\040\000I\000n\000t\000e\000r\000f\000a\000z\000\040\000d\000e\000\040\000U\000s\000u\000a\000r\000i\000o\000\040\000W\000e\000b}{chapter.113}% 53
\BOOKMARK [2][-]{subsection.125}{\376\377\0004\000.\0003\000.\0001\000\040\000P\000a\000n\000e\000l\000\040\000G\000e\000n\000e\000r\000a\000d\000o\000r\000\040\000d\000e\000\040\000O\000n\000d\000a\000s}{section.123}% 54
\BOOKMARK [2][-]{subsection.126}{\376\377\0004\000.\0003\000.\0002\000\040\000P\000a\000n\000e\000l\000\040\000C\000o\000n\000t\000r\000o\000l\000\040\000d\000e\000\040\000M\000o\000t\000o\000r\000e\000s}{section.123}% 55
\BOOKMARK [3][-]{subsubsection.127}{\376\377\0004\000.\0003\000.\0002\000.\0001\000\040\000M\000o\000t\000o\000r\000\040\000R\000o\000t\000a\000c\000i\000o\000n\000a\000l}{subsection.126}% 56
\BOOKMARK [3][-]{subsubsection.128}{\376\377\0004\000.\0003\000.\0002\000.\0002\000\040\000M\000o\000t\000o\000r\000\040\000L\000i\000n\000e\000a\000l}{subsection.126}% 57
\BOOKMARK [2][-]{subsection.129}{\376\377\0004\000.\0003\000.\0003\000\040\000F\000u\000n\000c\000i\000o\000n\000a\000l\000i\000d\000a\000d\000\040\000D\000e\000m\000o\000s\000t\000r\000a\000d\000a}{section.123}% 58
\BOOKMARK [1][-]{chapter*.131}{\376\377\000A\000N\000E\000X\000O\000S}{chapter.113}% 59
\BOOKMARK [1][-]{section.132}{\376\377\0004\000.\0004\000\040\000R\000e\000q\000u\000e\000r\000i\000m\000i\000e\000n\000t\000o\000s\000\040\000d\000e\000\040\000d\000i\000s\000e\000\361\000o\000\040\000g\000e\000n\000e\000r\000a\000l\000e\000s}{chapter.113}% 60
\BOOKMARK [1][-]{section.134}{\376\377\0004\000.\0005\000\040\000E\000s\000t\000r\000u\000c\000t\000u\000r\000a\000\040\000d\000e\000\040\000f\000u\000n\000c\000i\000o\000n\000e\000s}{chapter.113}% 61
\BOOKMARK [2][-]{subsection.135}{\376\377\0004\000.\0005\000.\0001\000\040\000C\000a\000j\000a\000\040\000n\000e\000g\000r\000a\000\040\000c\000o\000n\000\040\000e\000n\000t\000r\000a\000d\000a\000s\000\040\000y\000\040\000s\000a\000l\000i\000d\000a\000s}{section.134}% 62
\BOOKMARK [2][-]{subsection.137}{\376\377\0004\000.\0005\000.\0002\000\040\000E\000s\000t\000r\000u\000c\000t\000u\000r\000a\000\040\000d\000e\000\040\000f\000u\000n\000c\000i\000o\000n\000e\000s\000\040\000g\000l\000o\000b\000a\000l}{section.134}% 63
\BOOKMARK [2][-]{subsection.139}{\376\377\0004\000.\0005\000.\0003\000\040\000E\000l\000a\000b\000o\000r\000a\000c\000i\000\363\000n\000\040\000d\000e\000\040\000a\000l\000t\000e\000r\000n\000a\000t\000i\000v\000a\000s}{section.134}% 64
\BOOKMARK [2][-]{subsection.141}{\376\377\0004\000.\0005\000.\0004\000\040\000C\000o\000m\000p\000a\000r\000a\000c\000i\000\363\000n\000\040\000d\000e\000\040\000a\000l\000t\000e\000r\000n\000a\000t\000i\000v\000a\000s}{section.134}% 65
\BOOKMARK [1][-]{section.144}{\376\377\0004\000.\0006\000\040\000D\000i\000a\000g\000r\000a\000m\000a\000\040\000d\000e\000\040\000G\000a\000n\000t\000t}{chapter.113}% 66
\BOOKMARK [1][-]{section.146}{\376\377\0004\000.\0007\000\040\000T\000a\000b\000l\000a\000\040\000d\000e\000\040\000i\000n\000f\000o\000r\000m\000a\000c\000i\000\363\000n}{chapter.113}% 67
